<?xml version="1.0" encoding="UTF-8"?>
<!-- Generated by org.testng.reporters.JUnitReportReporter -->
<testsuite hostname="LAPTOP-LBA2DKTS" failures="0" tests="1" name="PageObjectModelClass.PomClassess" time="2.513" errors="0" timestamp="2024-10-08T12:10:31 IST" skipped="0">
  <testcase classname="PageObjectModelClass.PomClassess" name="launchapplication" time="2.513"/>
  <system-out/>
</testsuite> <!-- PageObjectModelClass.PomClassess -->
